TRAIN [lightnet.engine._engine] 1 Loss:0.47723 (Coord:0.32 Conf:0.16)
TRAIN [lightnet.engine._engine] 2 Loss:0.27738 (Coord:0.11 Conf:0.17)
TRAIN [lightnet.engine._engine] 3 Loss:0.21931 (Coord:0.08 Conf:0.14)
TRAIN [lightnet.engine._engine] 4 Loss:0.26534 (Coord:0.10 Conf:0.16)
TRAIN [lightnet.engine._engine] 5 Loss:0.34335 (Coord:0.14 Conf:0.21)
TRAIN [lightnet.engine._engine] 6 Loss:0.22045 (Coord:0.10 Conf:0.12)
TRAIN [lightnet.engine._engine] 7 Loss:0.31794 (Coord:0.11 Conf:0.21)
TRAIN [lightnet.engine._engine] 8 Loss:0.23454 (Coord:0.09 Conf:0.15)
TRAIN [lightnet.engine._engine] 9 Loss:0.26109 (Coord:0.09 Conf:0.17)
TRAIN [lightnet.engine._engine] 10 Loss:0.25206 (Coord:0.10 Conf:0.16)
TRAIN [lightnet.engine._engine] 11 Loss:0.32715 (Coord:0.11 Conf:0.22)
TRAIN [lightnet.engine._engine] 12 Loss:0.21409 (Coord:0.08 Conf:0.13)
TRAIN [lightnet.engine._engine] 13 Loss:0.18593 (Coord:0.08 Conf:0.11)
TRAIN [lightnet.engine._engine] 14 Loss:0.21168 (Coord:0.08 Conf:0.13)
TRAIN [lightnet.engine._engine] 15 Loss:0.19729 (Coord:0.07 Conf:0.13)
TRAIN [lightnet.engine._engine] 16 Loss:0.18037 (Coord:0.06 Conf:0.12)
TRAIN [lightnet.engine._engine] 17 Loss:0.18905 (Coord:0.06 Conf:0.12)
TRAIN [lightnet.engine._engine] 18 Loss:0.14748 (Coord:0.06 Conf:0.09)
TRAIN [lightnet.engine._engine] 19 Loss:0.20243 (Coord:0.07 Conf:0.13)
TRAIN [lightnet.engine._engine] 20 Loss:0.26270 (Coord:0.06 Conf:0.21)
TRAIN [lightnet.engine._engine] 21 Loss:0.21901 (Coord:0.07 Conf:0.15)
TRAIN [lightnet.engine._engine] 22 Loss:0.21101 (Coord:0.10 Conf:0.11)
TRAIN [lightnet.engine._engine] 23 Loss:0.18218 (Coord:0.09 Conf:0.10)
TRAIN [lightnet.engine._engine] 24 Loss:0.15445 (Coord:0.06 Conf:0.10)
TRAIN [lightnet.engine._engine] 25 Loss:0.21811 (Coord:0.07 Conf:0.15)
TRAIN [lightnet.engine._engine] 26 Loss:0.15781 (Coord:0.06 Conf:0.09)
TRAIN [lightnet.engine._engine] 27 Loss:0.19780 (Coord:0.07 Conf:0.13)
TRAIN [lightnet.engine._engine] 28 Loss:0.13214 (Coord:0.05 Conf:0.08)
TRAIN [lightnet.engine._engine] 29 Loss:0.15987 (Coord:0.06 Conf:0.10)
TRAIN [lightnet.engine._engine] 30 Loss:0.17581 (Coord:0.06 Conf:0.12)
TRAIN [lightnet.engine._engine] 31 Loss:0.14198 (Coord:0.06 Conf:0.08)
TRAIN [lightnet.engine._engine] 32 Loss:0.20395 (Coord:0.07 Conf:0.14)
TRAIN [lightnet.engine._engine] 33 Loss:0.19567 (Coord:0.05 Conf:0.14)
TRAIN [lightnet.engine._engine] 34 Loss:0.16933 (Coord:0.05 Conf:0.12)
TRAIN [lightnet.engine._engine] 35 Loss:0.18850 (Coord:0.06 Conf:0.13)
TRAIN [lightnet.engine._engine] 36 Loss:0.14134 (Coord:0.06 Conf:0.08)
TRAIN [lightnet.engine._engine] 37 Loss:0.13662 (Coord:0.04 Conf:0.09)
TRAIN [lightnet.engine._engine] 38 Loss:0.15160 (Coord:0.05 Conf:0.10)
TRAIN [lightnet.engine._engine] 39 Loss:0.14265 (Coord:0.04 Conf:0.10)
TRAIN [lightnet.engine._engine] 40 Loss:0.18076 (Coord:0.04 Conf:0.14)
TRAIN [lightnet.engine._engine] 41 Loss:0.18730 (Coord:0.04 Conf:0.15)
TRAIN [lightnet.engine._engine] 42 Loss:0.37209 (Coord:0.14 Conf:0.24)
TRAIN [lightnet.engine._engine] 43 Loss:0.25682 (Coord:0.08 Conf:0.18)
TRAIN [lightnet.engine._engine] 44 Loss:0.28610 (Coord:0.08 Conf:0.21)
TRAIN [lightnet.engine._engine] 45 Loss:0.25537 (Coord:0.05 Conf:0.20)
TRAIN [lightnet.engine._engine] 46 Loss:0.16900 (Coord:0.05 Conf:0.12)
TRAIN [lightnet.engine._engine] 47 Loss:0.18609 (Coord:0.07 Conf:0.12)
TRAIN [lightnet.engine._engine] 48 Loss:0.12475 (Coord:0.06 Conf:0.06)
TRAIN [lightnet.engine._engine] 49 Loss:0.17184 (Coord:0.06 Conf:0.11)
TRAIN [lightnet.engine._engine] 50 Loss:0.18967 (Coord:0.08 Conf:0.11)
TRAIN [lightnet.engine._engine] 51 Loss:0.22118 (Coord:0.07 Conf:0.15)
TRAIN [lightnet.engine._engine] 52 Loss:0.17480 (Coord:0.06 Conf:0.11)
TRAIN [lightnet.engine._engine] 53 Loss:0.18257 (Coord:0.06 Conf:0.12)
TRAIN [lightnet.engine._engine] 54 Loss:0.18497 (Coord:0.05 Conf:0.13)
TRAIN [lightnet.engine._engine] 55 Loss:0.19771 (Coord:0.06 Conf:0.13)
TRAIN [lightnet.engine._engine] 56 Loss:0.16593 (Coord:0.06 Conf:0.11)
TRAIN [lightnet.engine._engine] 57 Loss:0.14648 (Coord:0.06 Conf:0.08)
TRAIN [lightnet.engine._engine] 58 Loss:0.18794 (Coord:0.06 Conf:0.13)
TRAIN [lightnet.engine._engine] 59 Loss:0.17093 (Coord:0.05 Conf:0.12)
TRAIN [lightnet.engine._engine] 60 Loss:0.17324 (Coord:0.05 Conf:0.12)
TRAIN [lightnet.engine._engine] 61 Loss:0.14395 (Coord:0.06 Conf:0.09)
TRAIN [lightnet.engine._engine] 62 Loss:0.20340 (Coord:0.06 Conf:0.14)
TRAIN [lightnet.engine._engine] 63 Loss:0.14530 (Coord:0.05 Conf:0.09)
TRAIN [lightnet.engine._engine] 64 Loss:0.12901 (Coord:0.05 Conf:0.08)
TRAIN [lightnet.engine._engine] 65 Loss:0.18316 (Coord:0.05 Conf:0.14)
TRAIN [lightnet.engine._engine] 66 Loss:0.13676 (Coord:0.05 Conf:0.08)
TRAIN [lightnet.engine._engine] 67 Loss:0.20728 (Coord:0.05 Conf:0.16)
TRAIN [lightnet.engine._engine] 68 Loss:0.14235 (Coord:0.04 Conf:0.10)
TRAIN [lightnet.engine._engine] 69 Loss:0.14102 (Coord:0.04 Conf:0.10)
TRAIN [lightnet.engine._engine] 70 Loss:0.13617 (Coord:0.05 Conf:0.09)
TRAIN [lightnet.engine._engine] 71 Loss:0.10741 (Coord:0.05 Conf:0.06)
TRAIN [lightnet.engine._engine] 72 Loss:0.24585 (Coord:0.08 Conf:0.16)
TRAIN [lightnet.engine._engine] 73 Loss:0.13720 (Coord:0.05 Conf:0.09)
TRAIN [lightnet.engine._engine] 74 Loss:0.13664 (Coord:0.05 Conf:0.09)
TRAIN [lightnet.engine._engine] 75 Loss:0.19204 (Coord:0.06 Conf:0.13)
TRAIN [lightnet.engine._engine] 76 Loss:0.13987 (Coord:0.05 Conf:0.09)
TRAIN [lightnet.engine._engine] 77 Loss:0.19838 (Coord:0.06 Conf:0.14)
TRAIN [lightnet.engine._engine] 78 Loss:0.13683 (Coord:0.04 Conf:0.09)
TRAIN [lightnet.engine._engine] 79 Loss:0.16655 (Coord:0.05 Conf:0.12)
TRAIN [lightnet.engine._engine] 80 Loss:0.15928 (Coord:0.06 Conf:0.10)
TRAIN [lightnet.engine._engine] 81 Loss:0.16625 (Coord:0.04 Conf:0.13)
TRAIN [lightnet.engine._engine] 82 Loss:0.12213 (Coord:0.04 Conf:0.09)
TRAIN [lightnet.engine._engine] 83 Loss:0.10046 (Coord:0.03 Conf:0.07)
TRAIN [lightnet.engine._engine] 84 Loss:0.14218 (Coord:0.05 Conf:0.09)
TRAIN [lightnet.engine._engine] 85 Loss:0.13681 (Coord:0.05 Conf:0.09)
TRAIN [lightnet.engine._engine] 86 Loss:0.10001 (Coord:0.04 Conf:0.06)
TRAIN [lightnet.engine._engine] 87 Loss:0.12476 (Coord:0.04 Conf:0.08)
TRAIN [lightnet.engine._engine] 88 Loss:0.09685 (Coord:0.04 Conf:0.06)
TRAIN [lightnet.engine._engine] 89 Loss:0.12920 (Coord:0.03 Conf:0.09)
TRAIN [lightnet.engine._engine] 90 Loss:0.14088 (Coord:0.04 Conf:0.10)
TRAIN [lightnet.engine._engine] 91 Loss:0.18982 (Coord:0.05 Conf:0.14)
TRAIN [lightnet.engine._engine] 92 Loss:0.16398 (Coord:0.04 Conf:0.12)
TRAIN [lightnet.engine._engine] 93 Loss:0.09007 (Coord:0.04 Conf:0.05)
TRAIN [lightnet.engine._engine] 94 Loss:0.08836 (Coord:0.04 Conf:0.05)
TRAIN [lightnet.engine._engine] 95 Loss:0.13377 (Coord:0.04 Conf:0.09)
TRAIN [lightnet.engine._engine] 96 Loss:0.13378 (Coord:0.04 Conf:0.10)
TRAIN [lightnet.engine._engine] 97 Loss:0.09673 (Coord:0.03 Conf:0.06)
TRAIN [lightnet.engine._engine] 98 Loss:0.13860 (Coord:0.05 Conf:0.09)
TRAIN [lightnet.engine._engine] 99 Loss:0.16244 (Coord:0.05 Conf:0.11)
TRAIN [lightnet.engine._engine] 100 Loss:0.15559 (Coord:0.05 Conf:0.11)
TRAIN [lightnet.engine._engine] 101 Loss:0.18755 (Coord:0.04 Conf:0.15)
TRAIN [lightnet.engine._engine] 102 Loss:0.16401 (Coord:0.04 Conf:0.13)
TRAIN [lightnet.engine._engine] 103 Loss:0.14500 (Coord:0.05 Conf:0.10)
TRAIN [lightnet.engine._engine] 104 Loss:0.10424 (Coord:0.04 Conf:0.06)
TRAIN [lightnet.engine._engine] 105 Loss:0.14822 (Coord:0.05 Conf:0.09)
TRAIN [lightnet.engine._engine] 106 Loss:0.10791 (Coord:0.03 Conf:0.08)
TRAIN [lightnet.engine._engine] 107 Loss:0.12738 (Coord:0.03 Conf:0.10)
TRAIN [lightnet.engine._engine] 108 Loss:0.14535 (Coord:0.04 Conf:0.11)
TRAIN [lightnet.engine._engine] 109 Loss:0.13245 (Coord:0.04 Conf:0.09)
TRAIN [lightnet.engine._engine] 110 Loss:0.15494 (Coord:0.04 Conf:0.12)
TRAIN [lightnet.engine._engine] 111 Loss:0.11617 (Coord:0.03 Conf:0.08)
TRAIN [lightnet.engine._engine] 112 Loss:0.24952 (Coord:0.09 Conf:0.16)
TRAIN [lightnet.engine._engine] 113 Loss:0.17423 (Coord:0.07 Conf:0.11)
TRAIN [lightnet.engine._engine] 114 Loss:0.15034 (Coord:0.05 Conf:0.10)
TRAIN [lightnet.engine._engine] 115 Loss:0.21720 (Coord:0.08 Conf:0.14)
TRAIN [lightnet.engine._engine] 116 Loss:0.14823 (Coord:0.05 Conf:0.09)
TRAIN [lightnet.engine._engine] 117 Loss:0.16225 (Coord:0.07 Conf:0.10)
TRAIN [lightnet.engine._engine] 118 Loss:0.18953 (Coord:0.06 Conf:0.12)
TRAIN [lightnet.engine._engine] 119 Loss:0.19305 (Coord:0.06 Conf:0.14)
TRAIN [lightnet.engine._engine] 120 Loss:0.16712 (Coord:0.06 Conf:0.11)
TRAIN [lightnet.engine._engine] 121 Loss:0.16422 (Coord:0.05 Conf:0.11)
TRAIN [lightnet.engine._engine] 122 Loss:0.23651 (Coord:0.11 Conf:0.13)
TRAIN [lightnet.engine._engine] 123 Loss:0.15186 (Coord:0.07 Conf:0.08)
TRAIN [lightnet.engine._engine] 124 Loss:0.21446 (Coord:0.09 Conf:0.12)
TRAIN [lightnet.engine._engine] 125 Loss:0.17376 (Coord:0.05 Conf:0.13)
TRAIN [lightnet.engine._engine] 126 Loss:0.17102 (Coord:0.06 Conf:0.11)
TRAIN [lightnet.engine._engine] 127 Loss:0.15832 (Coord:0.07 Conf:0.09)
TRAIN [lightnet.engine._engine] 128 Loss:0.19022 (Coord:0.07 Conf:0.12)
TRAIN [lightnet.engine._engine] 129 Loss:0.19192 (Coord:0.07 Conf:0.12)
TRAIN [lightnet.engine._engine] 130 Loss:0.14180 (Coord:0.04 Conf:0.10)
TRAIN [lightnet.engine._engine] 131 Loss:0.13845 (Coord:0.04 Conf:0.10)
TRAIN [lightnet.engine._engine] 132 Loss:0.13742 (Coord:0.06 Conf:0.08)
TRAIN [lightnet.engine._engine] 133 Loss:0.11107 (Coord:0.04 Conf:0.07)
TRAIN [lightnet.engine._engine] 134 Loss:0.16430 (Coord:0.04 Conf:0.13)
TRAIN [lightnet.engine._engine] 135 Loss:0.12535 (Coord:0.04 Conf:0.08)
TRAIN [lightnet.engine._engine] 136 Loss:0.16087 (Coord:0.06 Conf:0.10)
TRAIN [lightnet.engine._engine] 137 Loss:0.13058 (Coord:0.05 Conf:0.08)
TRAIN [lightnet.engine._engine] 138 Loss:0.14974 (Coord:0.07 Conf:0.08)
TRAIN [lightnet.engine._engine] 139 Loss:0.10022 (Coord:0.04 Conf:0.06)
TRAIN [lightnet.engine._engine] 140 Loss:0.10011 (Coord:0.04 Conf:0.06)
TRAIN [lightnet.engine._engine] 141 Loss:0.11838 (Coord:0.04 Conf:0.08)
TRAIN [lightnet.engine._engine] 142 Loss:0.41294 (Coord:0.13 Conf:0.28)
TRAIN [lightnet.engine._engine] 143 Loss:0.27516 (Coord:0.11 Conf:0.17)
TRAIN [lightnet.engine._engine] 144 Loss:0.22848 (Coord:0.08 Conf:0.15)
TRAIN [lightnet.engine._engine] 145 Loss:0.25793 (Coord:0.10 Conf:0.16)
TRAIN [lightnet.engine._engine] 146 Loss:0.21244 (Coord:0.07 Conf:0.14)
TRAIN [lightnet.engine._engine] 147 Loss:0.21040 (Coord:0.07 Conf:0.14)
TRAIN [lightnet.engine._engine] 148 Loss:0.17517 (Coord:0.06 Conf:0.11)
TRAIN [lightnet.engine._engine] 149 Loss:0.15952 (Coord:0.06 Conf:0.10)
TRAIN [lightnet.engine._engine] 150 Loss:0.21155 (Coord:0.07 Conf:0.14)
TRAIN [lightnet.engine._engine] 151 Loss:0.22412 (Coord:0.08 Conf:0.14)
TRAIN [lightnet.engine._engine] 152 Loss:0.24041 (Coord:0.16 Conf:0.08)
TRAIN [lightnet.engine._engine] 153 Loss:0.25568 (Coord:0.14 Conf:0.12)
TRAIN [lightnet.engine._engine] 154 Loss:0.23256 (Coord:0.11 Conf:0.12)
TRAIN [lightnet.engine._engine] 155 Loss:0.15045 (Coord:0.05 Conf:0.11)
TRAIN [lightnet.engine._engine] 156 Loss:0.14332 (Coord:0.06 Conf:0.08)
TRAIN [lightnet.engine._engine] 157 Loss:0.15094 (Coord:0.08 Conf:0.08)
TRAIN [lightnet.engine._engine] 158 Loss:0.19560 (Coord:0.13 Conf:0.07)
TRAIN [lightnet.engine._engine] 159 Loss:0.15158 (Coord:0.08 Conf:0.08)
TRAIN [lightnet.engine._engine] 160 Loss:0.15310 (Coord:0.06 Conf:0.09)
TRAIN [lightnet.engine._engine] 161 Loss:0.14687 (Coord:0.04 Conf:0.11)
TRAIN [lightnet.engine._engine] 162 Loss:0.20842 (Coord:0.08 Conf:0.13)
TRAIN [lightnet.engine._engine] 163 Loss:0.18755 (Coord:0.05 Conf:0.13)
TRAIN [lightnet.engine._engine] 164 Loss:0.18255 (Coord:0.05 Conf:0.13)
TRAIN [lightnet.engine._engine] 165 Loss:0.20654 (Coord:0.07 Conf:0.14)
TRAIN [lightnet.engine._engine] 166 Loss:0.15451 (Coord:0.07 Conf:0.09)
TRAIN [lightnet.engine._engine] 167 Loss:0.15359 (Coord:0.07 Conf:0.09)
TRAIN [lightnet.engine._engine] 168 Loss:0.17524 (Coord:0.08 Conf:0.10)
TRAIN [lightnet.engine._engine] 169 Loss:0.17350 (Coord:0.06 Conf:0.11)
TRAIN [lightnet.engine._engine] 170 Loss:0.16161 (Coord:0.04 Conf:0.12)
TRAIN [lightnet.engine._engine] 171 Loss:0.13121 (Coord:0.04 Conf:0.09)
TRAIN [lightnet.engine._engine] 172 Loss:0.14939 (Coord:0.04 Conf:0.11)
TRAIN [lightnet.engine._engine] 173 Loss:0.15529 (Coord:0.05 Conf:0.11)
TRAIN [lightnet.engine._engine] 174 Loss:0.16962 (Coord:0.07 Conf:0.10)
TRAIN [lightnet.engine._engine] 175 Loss:0.12823 (Coord:0.04 Conf:0.09)
TRAIN [lightnet.engine._engine] 176 Loss:0.14273 (Coord:0.04 Conf:0.10)
TRAIN [lightnet.engine._engine] 177 Loss:0.14642 (Coord:0.05 Conf:0.10)
TRAIN [lightnet.engine._engine] 178 Loss:0.12863 (Coord:0.04 Conf:0.09)
TRAIN [lightnet.engine._engine] 179 Loss:0.13497 (Coord:0.04 Conf:0.10)
TRAIN [lightnet.engine._engine] 180 Loss:0.16931 (Coord:0.05 Conf:0.12)
TRAIN [lightnet.engine._engine] 181 Loss:0.14302 (Coord:0.03 Conf:0.11)
TRAIN [lightnet.engine._engine] 182 Loss:0.12405 (Coord:0.04 Conf:0.09)
TRAIN [lightnet.engine._engine] 183 Loss:0.16146 (Coord:0.06 Conf:0.10)
TRAIN [lightnet.engine._engine] 184 Loss:0.15984 (Coord:0.04 Conf:0.12)
TRAIN [lightnet.engine._engine] 185 Loss:0.14640 (Coord:0.04 Conf:0.11)
TRAIN [lightnet.engine._engine] 186 Loss:0.13619 (Coord:0.05 Conf:0.09)
TRAIN [lightnet.engine._engine] 187 Loss:0.10488 (Coord:0.03 Conf:0.07)
TRAIN [lightnet.engine._engine] 188 Loss:0.08836 (Coord:0.03 Conf:0.05)
TRAIN [lightnet.engine._engine] 189 Loss:0.13956 (Coord:0.03 Conf:0.11)
TRAIN [lightnet.engine._engine] 190 Loss:0.14977 (Coord:0.05 Conf:0.10)
TRAIN [lightnet.engine._engine] 191 Loss:0.12104 (Coord:0.04 Conf:0.08)
TRAIN [lightnet.engine._engine] 192 Loss:0.17380 (Coord:0.06 Conf:0.11)
TRAIN [lightnet.engine._engine] 193 Loss:0.14584 (Coord:0.07 Conf:0.08)
TRAIN [lightnet.engine._engine] 194 Loss:0.18177 (Coord:0.04 Conf:0.14)
TRAIN [lightnet.engine._engine] 195 Loss:0.22548 (Coord:0.06 Conf:0.17)
TRAIN [lightnet.engine._engine] 196 Loss:0.12909 (Coord:0.05 Conf:0.07)
TRAIN [lightnet.engine._engine] 197 Loss:0.17670 (Coord:0.06 Conf:0.12)
TRAIN [lightnet.engine._engine] 198 Loss:0.12403 (Coord:0.05 Conf:0.08)
TRAIN [lightnet.engine._engine] 199 Loss:0.07981 (Coord:0.04 Conf:0.04)
TRAIN [lightnet.engine._engine] 200 Loss:0.14124 (Coord:0.04 Conf:0.10)
TRAIN [lightnet.engine._engine] 201 Loss:0.14851 (Coord:0.05 Conf:0.10)
TRAIN [lightnet.engine._engine] 202 Loss:0.17808 (Coord:0.10 Conf:0.08)
TRAIN [lightnet.engine._engine] 203 Loss:0.14427 (Coord:0.06 Conf:0.08)
TRAIN [lightnet.engine._engine] 204 Loss:0.15800 (Coord:0.07 Conf:0.09)
TRAIN [lightnet.engine._engine] 205 Loss:0.12067 (Coord:0.05 Conf:0.07)
TRAIN [lightnet.engine._engine] 206 Loss:0.13275 (Coord:0.04 Conf:0.09)
TRAIN [lightnet.engine._engine] 207 Loss:0.09355 (Coord:0.05 Conf:0.04)
TRAIN [lightnet.engine._engine] 208 Loss:0.10986 (Coord:0.05 Conf:0.06)
TRAIN [lightnet.engine._engine] 209 Loss:0.16183 (Coord:0.06 Conf:0.10)
TRAIN [lightnet.engine._engine] 210 Loss:0.16890 (Coord:0.05 Conf:0.12)
TRAIN [lightnet.engine._engine] 211 Loss:0.14582 (Coord:0.05 Conf:0.09)
TRAIN [lightnet.engine._engine] 212 Loss:0.27782 (Coord:0.11 Conf:0.16)
TRAIN [lightnet.engine._engine] 213 Loss:0.15080 (Coord:0.07 Conf:0.08)
TRAIN [lightnet.engine._engine] 214 Loss:0.10220 (Coord:0.03 Conf:0.07)
TRAIN [lightnet.engine._engine] 215 Loss:0.15143 (Coord:0.03 Conf:0.12)
TRAIN [lightnet.engine._engine] 216 Loss:0.15691 (Coord:0.05 Conf:0.11)
TRAIN [lightnet.engine._engine] 217 Loss:0.15301 (Coord:0.07 Conf:0.09)
TRAIN [lightnet.engine._engine] 218 Loss:0.17332 (Coord:0.06 Conf:0.11)
TRAIN [lightnet.engine._engine] 219 Loss:0.15523 (Coord:0.07 Conf:0.09)
TRAIN [lightnet.engine._engine] 220 Loss:0.16389 (Coord:0.07 Conf:0.09)
TRAIN [lightnet.engine._engine] 221 Loss:0.16461 (Coord:0.05 Conf:0.11)
TRAIN [lightnet.engine._engine] 222 Loss:0.18746 (Coord:0.05 Conf:0.14)
TRAIN [lightnet.engine._engine] 223 Loss:0.16756 (Coord:0.05 Conf:0.12)
TRAIN [lightnet.engine._engine] 224 Loss:0.10902 (Coord:0.04 Conf:0.07)
TRAIN [lightnet.engine._engine] 225 Loss:0.12627 (Coord:0.05 Conf:0.08)
TRAIN [lightnet.engine._engine] 226 Loss:0.09890 (Coord:0.03 Conf:0.06)
TRAIN [lightnet.engine._engine] 227 Loss:0.14945 (Coord:0.05 Conf:0.10)
TRAIN [lightnet.engine._engine] 228 Loss:0.12275 (Coord:0.05 Conf:0.07)
TRAIN [lightnet.engine._engine] 229 Loss:0.14269 (Coord:0.05 Conf:0.09)
TRAIN [lightnet.engine._engine] 230 Loss:0.11620 (Coord:0.05 Conf:0.07)
TRAIN [lightnet.engine._engine] 231 Loss:0.12693 (Coord:0.03 Conf:0.10)
TRAIN [lightnet.engine._engine] 232 Loss:0.11040 (Coord:0.04 Conf:0.07)
TRAIN [lightnet.engine._engine] 233 Loss:0.20459 (Coord:0.05 Conf:0.16)
TRAIN [lightnet.engine._engine] 234 Loss:0.12741 (Coord:0.04 Conf:0.09)
TRAIN [lightnet.engine._engine] 235 Loss:0.09530 (Coord:0.03 Conf:0.06)
TRAIN [lightnet.engine._engine] 236 Loss:0.08655 (Coord:0.03 Conf:0.06)
TRAIN [lightnet.engine._engine] 237 Loss:0.12456 (Coord:0.04 Conf:0.08)
TRAIN [lightnet.engine._engine] 238 Loss:0.08933 (Coord:0.03 Conf:0.06)
TRAIN [lightnet.engine._engine] 239 Loss:0.12244 (Coord:0.04 Conf:0.08)
TRAIN [lightnet.engine._engine] 240 Loss:0.10190 (Coord:0.04 Conf:0.07)
TRAIN [lightnet.engine._engine] 241 Loss:0.09707 (Coord:0.03 Conf:0.07)
TRAIN [lightnet.engine._engine] 242 Loss:0.16917 (Coord:0.08 Conf:0.09)
TRAIN [lightnet.engine._engine] 243 Loss:0.16791 (Coord:0.09 Conf:0.08)
TRAIN [lightnet.engine._engine] 244 Loss:0.12344 (Coord:0.05 Conf:0.07)
TRAIN [lightnet.engine._engine] 245 Loss:0.12314 (Coord:0.04 Conf:0.08)
TRAIN [lightnet.engine._engine] 246 Loss:0.12153 (Coord:0.05 Conf:0.07)
TRAIN [lightnet.engine._engine] 247 Loss:0.10884 (Coord:0.04 Conf:0.07)
TRAIN [lightnet.engine._engine] 248 Loss:0.13340 (Coord:0.05 Conf:0.08)
TRAIN [lightnet.engine._engine] 249 Loss:0.14108 (Coord:0.06 Conf:0.08)
TRAIN [lightnet.engine._engine] 250 Loss:0.17070 (Coord:0.06 Conf:0.11)
TRAIN [lightnet.engine._engine] 251 Loss:0.11097 (Coord:0.05 Conf:0.06)
TRAIN [lightnet.engine._engine] 252 Loss:0.25520 (Coord:0.10 Conf:0.16)
TRAIN [lightnet.engine._engine] 253 Loss:0.14371 (Coord:0.07 Conf:0.07)
TRAIN [lightnet.engine._engine] 254 Loss:0.15812 (Coord:0.05 Conf:0.11)
TRAIN [lightnet.engine._engine] 255 Loss:0.09756 (Coord:0.04 Conf:0.06)
TRAIN [lightnet.engine._engine] 256 Loss:0.10085 (Coord:0.03 Conf:0.07)
TRAIN [lightnet.engine._engine] 257 Loss:0.09726 (Coord:0.06 Conf:0.04)
TRAIN [lightnet.engine._engine] 258 Loss:0.12950 (Coord:0.07 Conf:0.06)
TRAIN [lightnet.engine._engine] 259 Loss:0.16249 (Coord:0.08 Conf:0.09)
TRAIN [lightnet.engine._engine] 260 Loss:0.12117 (Coord:0.05 Conf:0.07)
TRAIN [lightnet.engine._engine] 261 Loss:0.10694 (Coord:0.05 Conf:0.06)
TRAIN [lightnet.engine._engine] 262 Loss:0.17864 (Coord:0.10 Conf:0.08)
TRAIN [lightnet.engine._engine] 263 Loss:0.15703 (Coord:0.10 Conf:0.06)
TRAIN [lightnet.engine._engine] 264 Loss:0.11936 (Coord:0.06 Conf:0.06)
TRAIN [lightnet.engine._engine] 265 Loss:0.14177 (Coord:0.05 Conf:0.09)
TRAIN [lightnet.engine._engine] 266 Loss:0.12785 (Coord:0.05 Conf:0.08)
TRAIN [lightnet.engine._engine] 267 Loss:0.18141 (Coord:0.06 Conf:0.12)
TRAIN [lightnet.engine._engine] 268 Loss:0.12377 (Coord:0.06 Conf:0.06)
TRAIN [lightnet.engine._engine] 269 Loss:0.15216 (Coord:0.08 Conf:0.08)
TRAIN [lightnet.engine._engine] 270 Loss:0.13984 (Coord:0.07 Conf:0.07)
TRAIN [lightnet.engine._engine] 271 Loss:0.11847 (Coord:0.06 Conf:0.06)
TRAIN [lightnet.engine._engine] 272 Loss:0.23738 (Coord:0.16 Conf:0.08)
TRAIN [lightnet.engine._engine] 273 Loss:0.20862 (Coord:0.12 Conf:0.08)
TRAIN [lightnet.engine._engine] 274 Loss:0.18578 (Coord:0.12 Conf:0.07)
TRAIN [lightnet.engine._engine] 275 Loss:0.17112 (Coord:0.07 Conf:0.10)
TRAIN [lightnet.engine._engine] 276 Loss:0.14598 (Coord:0.05 Conf:0.09)
TRAIN [lightnet.engine._engine] 277 Loss:0.14738 (Coord:0.05 Conf:0.09)
TRAIN [lightnet.engine._engine] 278 Loss:0.11535 (Coord:0.06 Conf:0.06)
TRAIN [lightnet.engine._engine] 279 Loss:0.14402 (Coord:0.06 Conf:0.08)
TRAIN [lightnet.engine._engine] 280 Loss:0.17254 (Coord:0.08 Conf:0.09)
TRAIN [lightnet.engine._engine] 281 Loss:0.20789 (Coord:0.10 Conf:0.11)
TRAIN [lightnet.engine._engine] 282 Loss:0.69988 (Coord:0.32 Conf:0.38)
TRAIN [lightnet.engine._engine] 283 Loss:0.41730 (Coord:0.19 Conf:0.23)
TRAIN [lightnet.engine._engine] 284 Loss:0.35611 (Coord:0.16 Conf:0.20)
TRAIN [lightnet.engine._engine] 285 Loss:0.18564 (Coord:0.07 Conf:0.11)
TRAIN [lightnet.engine._engine] 286 Loss:0.22496 (Coord:0.08 Conf:0.15)
TRAIN [lightnet.engine._engine] 287 Loss:0.22847 (Coord:0.12 Conf:0.11)
TRAIN [lightnet.engine._engine] 288 Loss:0.23824 (Coord:0.13 Conf:0.10)
TRAIN [lightnet.engine._engine] 289 Loss:0.21731 (Coord:0.13 Conf:0.09)
TRAIN [lightnet.engine._engine] 290 Loss:0.26129 (Coord:0.13 Conf:0.13)
TRAIN [lightnet.engine._engine] 291 Loss:0.23750 (Coord:0.12 Conf:0.12)
TRAIN [lightnet.engine._engine] 292 Loss:0.21745 (Coord:0.08 Conf:0.13)
TRAIN [lightnet.engine._engine] 293 Loss:0.22933 (Coord:0.07 Conf:0.16)
TRAIN [lightnet.engine._engine] 294 Loss:0.15556 (Coord:0.05 Conf:0.10)
TRAIN [lightnet.engine._engine] 295 Loss:0.21827 (Coord:0.06 Conf:0.16)
TRAIN [lightnet.engine._engine] 296 Loss:0.20990 (Coord:0.05 Conf:0.16)
TRAIN [lightnet.engine._engine] 297 Loss:0.19968 (Coord:0.05 Conf:0.15)
TRAIN [lightnet.engine._engine] 298 Loss:0.16083 (Coord:0.05 Conf:0.11)
TRAIN [lightnet.engine._engine] 299 Loss:0.17181 (Coord:0.07 Conf:0.10)
TRAIN [lightnet.engine._engine] 300 Loss:0.13997 (Coord:0.05 Conf:0.09)
TRAIN [lightnet.engine._engine] 301 Loss:0.16911 (Coord:0.06 Conf:0.11)
TRAIN [lightnet.engine._engine] 302 Loss:0.11154 (Coord:0.03 Conf:0.08)
TRAIN [lightnet.engine._engine] 303 Loss:0.15019 (Coord:0.06 Conf:0.09)
TRAIN [lightnet.engine._engine] 304 Loss:0.18250 (Coord:0.05 Conf:0.14)
TRAIN [lightnet.engine._engine] 305 Loss:0.19499 (Coord:0.04 Conf:0.15)
TRAIN [lightnet.engine._engine] 306 Loss:0.20571 (Coord:0.06 Conf:0.15)
TRAIN [lightnet.engine._engine] 307 Loss:0.10832 (Coord:0.04 Conf:0.07)
TRAIN [lightnet.engine._engine] 308 Loss:0.13776 (Coord:0.04 Conf:0.10)
TRAIN [lightnet.engine._engine] 309 Loss:0.12821 (Coord:0.04 Conf:0.08)
TRAIN [lightnet.engine._engine] 310 Loss:0.15475 (Coord:0.05 Conf:0.11)
TRAIN [lightnet.engine._engine] 311 Loss:0.13319 (Coord:0.04 Conf:0.10)
TRAIN [lightnet.engine._engine] 312 Loss:0.10955 (Coord:0.03 Conf:0.08)
TRAIN [lightnet.engine._engine] 313 Loss:0.12343 (Coord:0.04 Conf:0.08)
TRAIN [lightnet.engine._engine] 314 Loss:0.11044 (Coord:0.04 Conf:0.07)
TRAIN [lightnet.engine._engine] 315 Loss:0.12650 (Coord:0.04 Conf:0.09)
TRAIN [lightnet.engine._engine] 316 Loss:0.10802 (Coord:0.03 Conf:0.07)
TRAIN [lightnet.engine._engine] 317 Loss:0.10800 (Coord:0.04 Conf:0.07)
TRAIN [lightnet.engine._engine] 318 Loss:0.11918 (Coord:0.04 Conf:0.08)
TRAIN [lightnet.engine._engine] 319 Loss:0.10349 (Coord:0.03 Conf:0.07)
TRAIN [lightnet.engine._engine] 320 Loss:0.14920 (Coord:0.03 Conf:0.12)
TRAIN [lightnet.engine._engine] 321 Loss:0.07837 (Coord:0.03 Conf:0.05)
TRAIN [lightnet.engine._engine] 322 Loss:0.11431 (Coord:0.04 Conf:0.07)
TRAIN [lightnet.engine._engine] 323 Loss:0.10524 (Coord:0.04 Conf:0.07)
TRAIN [lightnet.engine._engine] 324 Loss:0.09459 (Coord:0.03 Conf:0.06)
TRAIN [lightnet.engine._engine] 325 Loss:0.10027 (Coord:0.03 Conf:0.07)
TRAIN [lightnet.engine._engine] 326 Loss:0.16311 (Coord:0.06 Conf:0.10)
TRAIN [lightnet.engine._engine] 327 Loss:0.13757 (Coord:0.03 Conf:0.11)
TRAIN [lightnet.engine._engine] 328 Loss:0.11663 (Coord:0.04 Conf:0.08)
TRAIN [lightnet.engine._engine] 329 Loss:0.14376 (Coord:0.05 Conf:0.10)
TRAIN [lightnet.engine._engine] 330 Loss:0.12200 (Coord:0.04 Conf:0.08)
TRAIN [lightnet.engine._engine] 331 Loss:0.10310 (Coord:0.04 Conf:0.06)
TRAIN [lightnet.engine._engine] 332 Loss:0.11675 (Coord:0.03 Conf:0.08)
TRAIN [lightnet.engine._engine] 333 Loss:0.13306 (Coord:0.04 Conf:0.10)
TRAIN [lightnet.engine._engine] 334 Loss:0.11127 (Coord:0.03 Conf:0.08)
TRAIN [lightnet.engine._engine] 335 Loss:0.10793 (Coord:0.04 Conf:0.07)
TRAIN [lightnet.engine._engine] 336 Loss:0.11479 (Coord:0.03 Conf:0.08)
TRAIN [lightnet.engine._engine] 337 Loss:0.12807 (Coord:0.03 Conf:0.10)
TRAIN [lightnet.engine._engine] 338 Loss:0.10714 (Coord:0.03 Conf:0.08)
TRAIN [lightnet.engine._engine] 339 Loss:0.10584 (Coord:0.03 Conf:0.07)
TRAIN [lightnet.engine._engine] 340 Loss:0.09984 (Coord:0.03 Conf:0.07)
TRAIN [lightnet.engine._engine] 341 Loss:0.06839 (Coord:0.03 Conf:0.04)
TRAIN [lightnet.engine._engine] 342 Loss:0.07459 (Coord:0.02 Conf:0.05)
TRAIN [lightnet.engine._engine] 343 Loss:0.09305 (Coord:0.04 Conf:0.05)
TRAIN [lightnet.engine._engine] 344 Loss:0.10649 (Coord:0.03 Conf:0.07)
TRAIN [lightnet.engine._engine] 345 Loss:0.12437 (Coord:0.04 Conf:0.08)
TRAIN [lightnet.engine._engine] 346 Loss:0.13268 (Coord:0.04 Conf:0.09)
TRAIN [lightnet.engine._engine] 347 Loss:0.10335 (Coord:0.04 Conf:0.06)
TRAIN [lightnet.engine._engine] 348 Loss:0.09281 (Coord:0.04 Conf:0.06)
TRAIN [lightnet.engine._engine] 349 Loss:0.12946 (Coord:0.03 Conf:0.10)
TRAIN [lightnet.engine._engine] 350 Loss:0.07761 (Coord:0.03 Conf:0.05)
TRAIN [lightnet.engine._engine] 351 Loss:0.06794 (Coord:0.02 Conf:0.05)
TRAIN [lightnet.engine._engine] 352 Loss:0.08378 (Coord:0.02 Conf:0.06)
TRAIN [lightnet.engine._engine] 353 Loss:0.05428 (Coord:0.02 Conf:0.03)
TRAIN [lightnet.engine._engine] 354 Loss:0.07217 (Coord:0.02 Conf:0.05)
TRAIN [lightnet.engine._engine] 355 Loss:0.12807 (Coord:0.04 Conf:0.09)
TRAIN [lightnet.engine._engine] 356 Loss:0.13020 (Coord:0.03 Conf:0.10)
TRAIN [lightnet.engine._engine] 357 Loss:0.07191 (Coord:0.03 Conf:0.04)
TRAIN [lightnet.engine._engine] 358 Loss:0.14178 (Coord:0.05 Conf:0.09)
TRAIN [lightnet.engine._engine] 359 Loss:0.10705 (Coord:0.03 Conf:0.08)
TRAIN [lightnet.engine._engine] 360 Loss:0.11559 (Coord:0.05 Conf:0.07)
TRAIN [lightnet.engine._engine] 361 Loss:0.09523 (Coord:0.03 Conf:0.06)
TRAIN [lightnet.engine._engine] 362 Loss:0.09099 (Coord:0.03 Conf:0.06)
TRAIN [lightnet.engine._engine] 363 Loss:0.06303 (Coord:0.03 Conf:0.04)
TRAIN [lightnet.engine._engine] 364 Loss:0.08939 (Coord:0.03 Conf:0.06)
TRAIN [lightnet.engine._engine] 365 Loss:0.05239 (Coord:0.02 Conf:0.04)
TRAIN [lightnet.engine._engine] 366 Loss:0.08459 (Coord:0.03 Conf:0.06)
TRAIN [lightnet.engine._engine] 367 Loss:0.14061 (Coord:0.05 Conf:0.09)
TRAIN [lightnet.engine._engine] 368 Loss:0.11165 (Coord:0.04 Conf:0.07)
TRAIN [lightnet.engine._engine] 369 Loss:0.11226 (Coord:0.03 Conf:0.08)
TRAIN [lightnet.engine._engine] 370 Loss:0.13568 (Coord:0.03 Conf:0.11)
TRAIN [lightnet.engine._engine] 371 Loss:0.08637 (Coord:0.03 Conf:0.05)
TRAIN [lightnet.engine._engine] 372 Loss:0.10746 (Coord:0.03 Conf:0.07)
TRAIN [lightnet.engine._engine] 373 Loss:0.12081 (Coord:0.04 Conf:0.08)
TRAIN [lightnet.engine._engine] 374 Loss:0.07767 (Coord:0.02 Conf:0.06)
TRAIN [lightnet.engine._engine] 375 Loss:0.09718 (Coord:0.03 Conf:0.07)
TRAIN [lightnet.engine._engine] 376 Loss:0.11646 (Coord:0.03 Conf:0.09)
TRAIN [lightnet.engine._engine] 377 Loss:0.10168 (Coord:0.04 Conf:0.07)
TRAIN [lightnet.engine._engine] 378 Loss:0.11916 (Coord:0.04 Conf:0.08)
TRAIN [lightnet.engine._engine] 379 Loss:0.10054 (Coord:0.03 Conf:0.07)
TRAIN [lightnet.engine._engine] 380 Loss:0.09470 (Coord:0.02 Conf:0.07)
TRAIN [lightnet.engine._engine] 381 Loss:0.12103 (Coord:0.03 Conf:0.09)
TRAIN [lightnet.engine._engine] 382 Loss:0.08327 (Coord:0.03 Conf:0.06)
TRAIN [lightnet.engine._engine] 383 Loss:0.09120 (Coord:0.02 Conf:0.07)
TRAIN [lightnet.engine._engine] 384 Loss:0.07172 (Coord:0.03 Conf:0.05)
TRAIN [lightnet.engine._engine] 385 Loss:0.08954 (Coord:0.02 Conf:0.07)
TRAIN [lightnet.engine._engine] 386 Loss:0.10921 (Coord:0.03 Conf:0.08)
TRAIN [lightnet.engine._engine] 387 Loss:0.06612 (Coord:0.03 Conf:0.04)
TRAIN [lightnet.engine._engine] 388 Loss:0.09213 (Coord:0.04 Conf:0.05)
TRAIN [lightnet.engine._engine] 389 Loss:0.11170 (Coord:0.03 Conf:0.08)
TRAIN [lightnet.engine._engine] 390 Loss:0.11806 (Coord:0.04 Conf:0.08)
TRAIN [lightnet.engine._engine] 391 Loss:0.10875 (Coord:0.03 Conf:0.08)
TRAIN [lightnet.engine._engine] 392 Loss:0.08804 (Coord:0.02 Conf:0.07)
TRAIN [lightnet.engine._engine] 393 Loss:0.10792 (Coord:0.04 Conf:0.07)
TRAIN [lightnet.engine._engine] 394 Loss:0.06835 (Coord:0.03 Conf:0.04)
TRAIN [lightnet.engine._engine] 395 Loss:0.09788 (Coord:0.02 Conf:0.07)
TRAIN [lightnet.engine._engine] 396 Loss:0.09704 (Coord:0.03 Conf:0.07)
TRAIN [lightnet.engine._engine] 397 Loss:0.07252 (Coord:0.03 Conf:0.04)
TRAIN [lightnet.engine._engine] 398 Loss:0.09299 (Coord:0.04 Conf:0.05)
TRAIN [lightnet.engine._engine] 399 Loss:0.08880 (Coord:0.03 Conf:0.06)
TRAIN [lightnet.engine._engine] 400 Loss:0.09701 (Coord:0.04 Conf:0.06)
TRAIN [lightnet.engine._engine] 401 Loss:0.14492 (Coord:0.04 Conf:0.10)
TRAIN [lightnet.engine._engine] 402 Loss:0.09581 (Coord:0.03 Conf:0.06)
TRAIN [lightnet.engine._engine] 403 Loss:0.09253 (Coord:0.03 Conf:0.06)
TRAIN [lightnet.engine._engine] 404 Loss:0.06877 (Coord:0.02 Conf:0.05)
TRAIN [lightnet.engine._engine] 405 Loss:0.06628 (Coord:0.02 Conf:0.04)
TRAIN [lightnet.engine._engine] 406 Loss:0.09453 (Coord:0.03 Conf:0.07)
TRAIN [lightnet.engine._engine] 407 Loss:0.09909 (Coord:0.04 Conf:0.06)
TRAIN [lightnet.engine._engine] 408 Loss:0.07901 (Coord:0.03 Conf:0.05)
TRAIN [lightnet.engine._engine] 409 Loss:0.07257 (Coord:0.04 Conf:0.04)
TRAIN [lightnet.engine._engine] 410 Loss:0.08881 (Coord:0.03 Conf:0.06)
TRAIN [lightnet.engine._engine] 411 Loss:0.09341 (Coord:0.03 Conf:0.06)
TRAIN [lightnet.engine._engine] 412 Loss:0.08378 (Coord:0.04 Conf:0.05)
TRAIN [lightnet.engine._engine] 413 Loss:0.08196 (Coord:0.04 Conf:0.05)
TRAIN [lightnet.engine._engine] 414 Loss:0.11118 (Coord:0.04 Conf:0.08)
TRAIN [lightnet.engine._engine] 415 Loss:0.11010 (Coord:0.03 Conf:0.08)
TRAIN [lightnet.engine._engine] 416 Loss:0.10512 (Coord:0.02 Conf:0.08)
TRAIN [lightnet.engine._engine] 417 Loss:0.07498 (Coord:0.02 Conf:0.05)
TRAIN [lightnet.engine._engine] 418 Loss:0.11021 (Coord:0.03 Conf:0.08)
TRAIN [lightnet.engine._engine] 419 Loss:0.06575 (Coord:0.02 Conf:0.04)
TRAIN [lightnet.engine._engine] 420 Loss:0.10066 (Coord:0.04 Conf:0.06)
TRAIN [lightnet.engine._engine] 421 Loss:0.07391 (Coord:0.03 Conf:0.04)
TRAIN [lightnet.engine._engine] 422 Loss:0.08676 (Coord:0.03 Conf:0.05)
TRAIN [lightnet.engine._engine] 423 Loss:0.08808 (Coord:0.04 Conf:0.05)
TRAIN [lightnet.engine._engine] 424 Loss:0.09975 (Coord:0.03 Conf:0.07)
TRAIN [lightnet.engine._engine] 425 Loss:0.11762 (Coord:0.03 Conf:0.08)
TRAIN [lightnet.engine._engine] 426 Loss:0.08264 (Coord:0.02 Conf:0.06)
TRAIN [lightnet.engine._engine] 427 Loss:0.08701 (Coord:0.03 Conf:0.06)
TRAIN [lightnet.engine._engine] 428 Loss:0.06378 (Coord:0.02 Conf:0.04)
TRAIN [lightnet.engine._engine] 429 Loss:0.13041 (Coord:0.04 Conf:0.09)
TRAIN [lightnet.engine._engine] 430 Loss:0.09543 (Coord:0.04 Conf:0.06)
TRAIN [lightnet.engine._engine] 431 Loss:0.14840 (Coord:0.03 Conf:0.12)
TRAIN [lightnet.engine._engine] 432 Loss:0.08420 (Coord:0.02 Conf:0.07)
TRAIN [lightnet.engine._engine] 433 Loss:0.07325 (Coord:0.03 Conf:0.05)
TRAIN [lightnet.engine._engine] 434 Loss:0.10735 (Coord:0.04 Conf:0.07)
TRAIN [lightnet.engine._engine] 435 Loss:0.09149 (Coord:0.02 Conf:0.07)
TRAIN [lightnet.engine._engine] 436 Loss:0.08287 (Coord:0.02 Conf:0.06)
TRAIN [lightnet.engine._engine] 437 Loss:0.11072 (Coord:0.05 Conf:0.06)
TRAIN [lightnet.engine._engine] 438 Loss:0.09904 (Coord:0.03 Conf:0.07)
TRAIN [lightnet.engine._engine] 439 Loss:0.11683 (Coord:0.04 Conf:0.08)
TRAIN [lightnet.engine._engine] 440 Loss:0.12737 (Coord:0.05 Conf:0.07)
TRAIN [lightnet.engine._engine] 441 Loss:0.07375 (Coord:0.02 Conf:0.05)
TRAIN [lightnet.engine._engine] 442 Loss:0.08900 (Coord:0.02 Conf:0.07)
TRAIN [lightnet.engine._engine] 443 Loss:0.05487 (Coord:0.02 Conf:0.03)
TRAIN [lightnet.engine._engine] 444 Loss:0.12525 (Coord:0.05 Conf:0.07)
TRAIN [lightnet.engine._engine] 445 Loss:0.10019 (Coord:0.02 Conf:0.08)
TRAIN [lightnet.engine._engine] 446 Loss:0.07881 (Coord:0.02 Conf:0.05)
TRAIN [lightnet.engine._engine] 447 Loss:0.05802 (Coord:0.02 Conf:0.04)
TRAIN [lightnet.engine._engine] 448 Loss:0.08031 (Coord:0.04 Conf:0.05)
TRAIN [lightnet.engine._engine] 449 Loss:0.10148 (Coord:0.04 Conf:0.06)
TRAIN [lightnet.engine._engine] 450 Loss:0.06518 (Coord:0.02 Conf:0.04)
TRAIN [lightnet.engine._engine] 451 Loss:0.08042 (Coord:0.03 Conf:0.05)
TRAIN [lightnet.engine._engine] 452 Loss:0.09125 (Coord:0.03 Conf:0.07)
TRAIN [lightnet.engine._engine] 453 Loss:0.11215 (Coord:0.04 Conf:0.07)
TRAIN [lightnet.engine._engine] 454 Loss:0.07520 (Coord:0.03 Conf:0.05)
TRAIN [lightnet.engine._engine] 455 Loss:0.11153 (Coord:0.04 Conf:0.07)
TRAIN [lightnet.engine._engine] 456 Loss:0.09028 (Coord:0.03 Conf:0.06)
TRAIN [lightnet.engine._engine] 457 Loss:0.10732 (Coord:0.03 Conf:0.07)
TRAIN [lightnet.engine._engine] 458 Loss:0.10667 (Coord:0.02 Conf:0.09)
TRAIN [lightnet.engine._engine] 459 Loss:0.12749 (Coord:0.05 Conf:0.08)
TRAIN [lightnet.engine._engine] 460 Loss:0.08083 (Coord:0.02 Conf:0.06)
TRAIN [lightnet.engine._engine] 461 Loss:0.10568 (Coord:0.03 Conf:0.07)
TRAIN [lightnet.engine._engine] 462 Loss:0.10182 (Coord:0.04 Conf:0.07)
TRAIN [lightnet.engine._engine] 463 Loss:0.09967 (Coord:0.02 Conf:0.08)
TRAIN [lightnet.engine._engine] 464 Loss:0.07981 (Coord:0.02 Conf:0.06)
TRAIN [lightnet.engine._engine] 465 Loss:0.07838 (Coord:0.03 Conf:0.05)
TRAIN [lightnet.engine._engine] 466 Loss:0.09059 (Coord:0.03 Conf:0.06)
TRAIN [lightnet.engine._engine] 467 Loss:0.09158 (Coord:0.03 Conf:0.06)
TRAIN [lightnet.engine._engine] 468 Loss:0.07661 (Coord:0.02 Conf:0.05)
TRAIN [lightnet.engine._engine] 469 Loss:0.07636 (Coord:0.02 Conf:0.05)
TRAIN [lightnet.engine._engine] 470 Loss:0.07404 (Coord:0.02 Conf:0.05)
TRAIN [lightnet.engine._engine] 471 Loss:0.08222 (Coord:0.03 Conf:0.05)
TRAIN [lightnet.engine._engine] 472 Loss:0.07998 (Coord:0.02 Conf:0.06)
TRAIN [lightnet.engine._engine] 473 Loss:0.09206 (Coord:0.03 Conf:0.07)
TRAIN [lightnet.engine._engine] 474 Loss:0.11908 (Coord:0.04 Conf:0.08)
TRAIN [lightnet.engine._engine] 475 Loss:0.08114 (Coord:0.04 Conf:0.05)
TRAIN [lightnet.engine._engine] 476 Loss:0.10685 (Coord:0.03 Conf:0.07)
TRAIN [lightnet.engine._engine] 477 Loss:0.07765 (Coord:0.02 Conf:0.05)
TRAIN [lightnet.engine._engine] 478 Loss:0.10389 (Coord:0.05 Conf:0.05)
TRAIN [lightnet.engine._engine] 479 Loss:0.09824 (Coord:0.05 Conf:0.05)
TRAIN [lightnet.engine._engine] 480 Loss:0.04395 (Coord:0.02 Conf:0.02)
TRAIN [lightnet.engine._engine] 481 Loss:0.10161 (Coord:0.03 Conf:0.07)
TRAIN [lightnet.engine._engine] 482 Loss:0.09414 (Coord:0.03 Conf:0.06)
TRAIN [lightnet.engine._engine] 483 Loss:0.09815 (Coord:0.03 Conf:0.07)
TRAIN [lightnet.engine._engine] 484 Loss:0.06531 (Coord:0.02 Conf:0.05)
TRAIN [lightnet.engine._engine] 485 Loss:0.05497 (Coord:0.02 Conf:0.03)
TRAIN [lightnet.engine._engine] 486 Loss:0.07854 (Coord:0.02 Conf:0.06)
TRAIN [lightnet.engine._engine] 487 Loss:0.09066 (Coord:0.03 Conf:0.06)
TRAIN [lightnet.engine._engine] 488 Loss:0.07265 (Coord:0.04 Conf:0.04)
TRAIN [lightnet.engine._engine] 489 Loss:0.07220 (Coord:0.03 Conf:0.05)
TRAIN [lightnet.engine._engine] 490 Loss:0.09376 (Coord:0.04 Conf:0.05)
TRAIN [lightnet.engine._engine] 491 Loss:0.06376 (Coord:0.02 Conf:0.05)
TRAIN [lightnet.engine._engine] 492 Loss:0.07459 (Coord:0.03 Conf:0.04)
TRAIN [lightnet.engine._engine] 493 Loss:0.06775 (Coord:0.03 Conf:0.03)
TRAIN [lightnet.engine._engine] 494 Loss:0.06080 (Coord:0.02 Conf:0.04)
TRAIN [lightnet.engine._engine] 495 Loss:0.09078 (Coord:0.03 Conf:0.06)
TRAIN [lightnet.engine._engine] 496 Loss:0.04880 (Coord:0.02 Conf:0.03)
TRAIN [lightnet.engine._engine] 497 Loss:0.09810 (Coord:0.02 Conf:0.08)
TRAIN [lightnet.engine._engine] 498 Loss:0.07220 (Coord:0.03 Conf:0.04)
TRAIN [lightnet.engine._engine] 499 Loss:0.06947 (Coord:0.02 Conf:0.05)
TRAIN [lightnet.engine._engine] 500 Loss:0.06454 (Coord:0.02 Conf:0.04)
454 Loss:0.07520 (Coord:0.03 Conf:0.05)
TRAIN:lightnet.engine._engine:455 Loss:0.11153 (Coord:0.04 Conf:0.07)
TRAIN:lightnet.engine._engine:456 Loss:0.09028 (Coord:0.03 Conf:0.06)
TRAIN:lightnet.engine._engine:457 Loss:0.10732 (Coord:0.03 Conf:0.07)
TRAIN:lightnet.engine._engine:458 Loss:0.10667 (Coord:0.02 Conf:0.09)
TRAIN:lightnet.engine._engine:459 Loss:0.12749 (Coord:0.05 Conf:0.08)
TRAIN:lightnet.engine._engine:460 Loss:0.08083 (Coord:0.02 Conf:0.06)
INFO:lightnet.data._dataloading:Resizing network (640, 512)
TRAIN:lightnet.engine._engine:461 Loss:0.10568 (Coord:0.03 Conf:0.07)
TRAIN:lightnet.engine._engine:462 Loss:0.10182 (Coord:0.04 Conf:0.07)
TRAIN:lightnet.engine._engine:463 Loss:0.09967 (Coord:0.02 Conf:0.08)
TRAIN:lightnet.engine._engine:464 Loss:0.07981 (Coord:0.02 Conf:0.06)
TRAIN:lightnet.engine._engine:465 Loss:0.07838 (Coord:0.03 Conf:0.05)
TRAIN:lightnet.engine._engine:466 Loss:0.09059 (Coord:0.03 Conf:0.06)
TRAIN:lightnet.engine._engine:467 Loss:0.09158 (Coord:0.03 Conf:0.06)
TRAIN:lightnet.engine._engine:468 Loss:0.07661 (Coord:0.02 Conf:0.05)
TRAIN:lightnet.engine._engine:469 Loss:0.07636 (Coord:0.02 Conf:0.05)
TRAIN:lightnet.engine._engine:470 Loss:0.07404 (Coord:0.02 Conf:0.05)
INFO:lightnet.data._dataloading:Resizing network (640, 512)
TRAIN:lightnet.engine._engine:471 Loss:0.08222 (Coord:0.03 Conf:0.05)
TRAIN:lightnet.engine._engine:472 Loss:0.07998 (Coord:0.02 Conf:0.06)
TRAIN:lightnet.engine._engine:473 Loss:0.09206 (Coord:0.03 Conf:0.07)
TRAIN:lightnet.engine._engine:474 Loss:0.11908 (Coord:0.04 Conf:0.08)
TRAIN:lightnet.engine._engine:475 Loss:0.08114 (Coord:0.04 Conf:0.05)
TRAIN:lightnet.engine._engine:476 Loss:0.10685 (Coord:0.03 Conf:0.07)
TRAIN:lightnet.engine._engine:477 Loss:0.07765 (Coord:0.02 Conf:0.05)
TRAIN:lightnet.engine._engine:478 Loss:0.10389 (Coord:0.05 Conf:0.05)
TRAIN:lightnet.engine._engine:479 Loss:0.09824 (Coord:0.05 Conf:0.05)
TRAIN:lightnet.engine._engine:480 Loss:0.04395 (Coord:0.02 Conf:0.02)
INFO:lightnet.data._dataloading:Resizing network (640, 512)
TRAIN:lightnet.engine._engine:481 Loss:0.10161 (Coord:0.03 Conf:0.07)
TRAIN:lightnet.engine._engine:482 Loss:0.09414 (Coord:0.03 Conf:0.06)
TRAIN:lightnet.engine._engine:483 Loss:0.09815 (Coord:0.03 Conf:0.07)
TRAIN:lightnet.engine._engine:484 Loss:0.06531 (Coord:0.02 Conf:0.05)
TRAIN:lightnet.engine._engine:485 Loss:0.05497 (Coord:0.02 Conf:0.03)
TRAIN:lightnet.engine._engine:486 Loss:0.07854 (Coord:0.02 Conf:0.06)
TRAIN:lightnet.engine._engine:487 Loss:0.09066 (Coord:0.03 Conf:0.06)
TRAIN:lightnet.engine._engine:488 Loss:0.07265 (Coord:0.04 Conf:0.04)
TRAIN:lightnet.engine._engine:489 Loss:0.07220 (Coord:0.03 Conf:0.05)
TRAIN:lightnet.engine._engine:490 Loss:0.09376 (Coord:0.04 Conf:0.05)
INFO:lightnet.data._dataloading:Resizing network (640, 512)
TRAIN:lightnet.engine._engine:491 Loss:0.06376 (Coord:0.02 Conf:0.05)
TRAIN:lightnet.engine._engine:492 Loss:0.07459 (Coord:0.03 Conf:0.04)
TRAIN:lightnet.engine._engine:493 Loss:0.06775 (Coord:0.03 Conf:0.03)
TRAIN:lightnet.engine._engine:494 Loss:0.06080 (Coord:0.02 Conf:0.04)
TRAIN:lightnet.engine._engine:495 Loss:0.09078 (Coord:0.03 Conf:0.06)
TRAIN:lightnet.engine._engine:496 Loss:0.04880 (Coord:0.02 Conf:0.03)
TRAIN:lightnet.engine._engine:497 Loss:0.09810 (Coord:0.02 Conf:0.08)
TRAIN:lightnet.engine._engine:498 Loss:0.07220 (Coord:0.03 Conf:0.04)
TRAIN:lightnet.engine._engine:499 Loss:0.06947 (Coord:0.02 Conf:0.05)
TRAIN:lightnet.engine._engine:500 Loss:0.06454 (Coord:0.02 Conf:0.04)
DEBUG:lightnet.network.module._darknet:Saving weights to pytorch file
INFO:lightnet.network.module._lightnet:Saved weights as ./backup/final.pt
INFO:lightnet.engine._engine:Reached quitting criteria
INFO:lightnet.FLIR.test:Loss:0.40248 (Coord:0.16 Conf:0.24)
DEBUG:brambox.stat._matchboxes:Criteria is an internal ufunc, choosing faster apply path
INFO:lightnet.FLIR.prune:Current accuracy is 72.47
DEBUG:lightnet.network.module._darknet:Saving weights to pytorch file
INFO:lightnet.network.module._lightnet:Saved weights as ./backup/pruned/hard_pruned_10.0.pt
INFO:lightnet.FLIR.prune:Current accuracy is sufficient to continue pruning
INFO:lightnet.FLIR.prune:Pruning network
INFO:lightnet.FLIR.prune:There are 9330 filters in convolutional layers, attempting to prune 933 filters
INFO:lightnet.FLIR.prune:The final amount of filters after pruning is 8397
INFO:lightnet.FLIR.prune:hard pruned 933 filters
INFO:lightnet.FLIR.prune:Filters before pruning:
INFO:lightnet.FLIR.prune:[28, 64, 127, 64, 128, 256, 128, 256, 512, 256, 511, 256, 512, 860, 497, 858, 487, 421, 981, 1024, 64, 1010, 30]
INFO:lightnet.FLIR.prune:Filters after pruning:
INFO:lightnet.FLIR.prune:[27, 59, 125, 64, 128, 256, 128, 256, 493, 256, 497, 256, 509, 688, 469, 672, 463, 366, 770, 1024, 64, 797, 30]
INFO:lightnet.engine._engine:Start training
INFO:lightnet.data._dataloading:Resizing network (640, 512)
